<?xml version="1.0" encoding="UTF-8"?>
<testsuite xmlns:xsi="http://www.w3.org/2001/XMLSchema-instance" xsi:noNamespaceSchemaLocation="https://maven.apache.org/surefire/maven-failsafe-plugin/xsd/failsafe-test-report.xsd" version="3.0.2" name="com.mycompany.progq1.PROGQ1IT" time="0.126" tests="7" errors="0" skipped="0" failures="0">
  <properties>
    <property name="java.specification.version" value="21"/>
    <property name="sun.cpu.isalist" value="amd64"/>
    <property name="sun.jnu.encoding" value="Cp1252"/>
    <property name="java.class.path" value="C:\Users\Faren\OneDrive\Documents\NetBeansProjects\PROGQ1\target\test-classes;C:\Users\Faren\OneDrive\Documents\NetBeansProjects\PROGQ1\target\PROGQ1-1.0-SNAPSHOT.jar;C:\Users\Faren\.m2\repository\org\junit\jupiter\junit-jupiter-api\5.10.3\junit-jupiter-api-5.10.3.jar;C:\Users\Faren\.m2\repository\org\opentest4j\opentest4j\1.3.0\opentest4j-1.3.0.jar;C:\Users\Faren\.m2\repository\org\junit\platform\junit-platform-commons\1.10.3\junit-platform-commons-1.10.3.jar;C:\Users\Faren\.m2\repository\org\apiguardian\apiguardian-api\1.1.2\apiguardian-api-1.1.2.jar;C:\Users\Faren\.m2\repository\org\junit\jupiter\junit-jupiter-params\5.10.3\junit-jupiter-params-5.10.3.jar;C:\Users\Faren\.m2\repository\org\junit\jupiter\junit-jupiter-engine\5.10.3\junit-jupiter-engine-5.10.3.jar;C:\Users\Faren\.m2\repository\org\junit\platform\junit-platform-engine\1.10.3\junit-platform-engine-1.10.3.jar;"/>
    <property name="java.vm.vendor" value="OpenLogic"/>
    <property name="sun.arch.data.model" value="64"/>
    <property name="user.variant" value=""/>
    <property name="java.vendor.url" value="https://openlogic.com/"/>
    <property name="user.timezone" value="Africa/Johannesburg"/>
    <property name="os.name" value="Windows 11"/>
    <property name="java.vm.specification.version" value="21"/>
    <property name="user.country" value="ZA"/>
    <property name="sun.java.launcher" value="SUN_STANDARD"/>
    <property name="sun.boot.library.path" value="C:\Program Files\OpenLogic\jdk-21.0.4.7-hotspot\bin"/>
    <property name="sun.java.command" value="C:\Users\Faren\AppData\Local\Temp\surefire9513450990235513196\surefirebooter-20250904172021876_3.jar C:\Users\Faren\AppData\Local\Temp\surefire9513450990235513196 2025-09-04T17-20-21_567-jvmRun1 surefire-20250904172021876_1tmp surefire_0-20250904172021876_2tmp"/>
    <property name="jdk.debug" value="release"/>
    <property name="test" value="DummyToSkipUnitTests"/>
    <property name="surefire.test.class.path" value="C:\Users\Faren\OneDrive\Documents\NetBeansProjects\PROGQ1\target\test-classes;C:\Users\Faren\OneDrive\Documents\NetBeansProjects\PROGQ1\target\PROGQ1-1.0-SNAPSHOT.jar;C:\Users\Faren\.m2\repository\org\junit\jupiter\junit-jupiter-api\5.10.3\junit-jupiter-api-5.10.3.jar;C:\Users\Faren\.m2\repository\org\opentest4j\opentest4j\1.3.0\opentest4j-1.3.0.jar;C:\Users\Faren\.m2\repository\org\junit\platform\junit-platform-commons\1.10.3\junit-platform-commons-1.10.3.jar;C:\Users\Faren\.m2\repository\org\apiguardian\apiguardian-api\1.1.2\apiguardian-api-1.1.2.jar;C:\Users\Faren\.m2\repository\org\junit\jupiter\junit-jupiter-params\5.10.3\junit-jupiter-params-5.10.3.jar;C:\Users\Faren\.m2\repository\org\junit\jupiter\junit-jupiter-engine\5.10.3\junit-jupiter-engine-5.10.3.jar;C:\Users\Faren\.m2\repository\org\junit\platform\junit-platform-engine\1.10.3\junit-platform-engine-1.10.3.jar;"/>
    <property name="sun.cpu.endian" value="little"/>
    <property name="user.home" value="C:\Users\Faren"/>
    <property name="user.language" value="en"/>
    <property name="java.specification.vendor" value="Oracle Corporation"/>
    <property name="java.version.date" value="2024-07-16"/>
    <property name="java.home" value="C:\Program Files\OpenLogic\jdk-21.0.4.7-hotspot"/>
    <property name="file.separator" value="\"/>
    <property name="basedir" value="C:\Users\Faren\OneDrive\Documents\NetBeansProjects\PROGQ1"/>
    <property name="java.vm.compressedOopsMode" value="Zero based"/>
    <property name="line.separator" value="&#10;"/>
    <property name="java.vm.specification.vendor" value="Oracle Corporation"/>
    <property name="java.specification.name" value="Java Platform API Specification"/>
    <property name="surefire.real.class.path" value="C:\Users\Faren\AppData\Local\Temp\surefire9513450990235513196\surefirebooter-20250904172021876_3.jar"/>
    <property name="user.script" value=""/>
    <property name="sun.management.compiler" value="HotSpot 64-Bit Tiered Compilers"/>
    <property name="java.runtime.version" value="21.0.4+7-adhoc.Administrator.jdk21u"/>
    <property name="user.name" value="Faren"/>
    <property name="stdout.encoding" value="Cp1252"/>
    <property name="path.separator" value=";"/>
    <property name="os.version" value="10.0"/>
    <property name="java.runtime.name" value="OpenJDK Runtime Environment"/>
    <property name="file.encoding" value="UTF-8"/>
    <property name="surefire.failIfNoSpecifiedTests" value="false"/>
    <property name="java.vm.name" value="OpenJDK 64-Bit Server VM"/>
    <property name="java.vendor.version" value="OpenLogic-OpenJDK"/>
    <property name="maven.ext.class.path" value="C:\Program Files\NetBeans-25\netbeans\java\maven-nblib\netbeans-eventspy.jar"/>
    <property name="localRepository" value="C:\Users\Faren\.m2\repository"/>
    <property name="java.vendor.url.bug" value="https://techsupport.roguewave.com/"/>
    <property name="java.io.tmpdir" value="C:\Users\Faren\AppData\Local\Temp\"/>
    <property name="java.version" value="21.0.4"/>
    <property name="user.dir" value="C:\Users\Faren\OneDrive\Documents\NetBeansProjects\PROGQ1"/>
    <property name="os.arch" value="amd64"/>
    <property name="java.vm.specification.name" value="Java Virtual Machine Specification"/>
    <property name="it.test" value="com.mycompany.progq1.PROGQ1IT"/>
    <property name="failIfNoTests" value="false"/>
    <property name="sun.os.patch.level" value=""/>
    <property name="native.encoding" value="Cp1252"/>
    <property name="java.library.path" value="C:\Program Files\OpenLogic\jdk-21.0.4.7-hotspot\bin;C:\WINDOWS\Sun\Java\bin;C:\WINDOWS\system32;C:\WINDOWS;C:\Program Files\OpenLogic\jdk-21.0.4.7-hotspot\bin;C:\Python312\Scripts\;C:\Python312\;C:\Windows\system32;C:\Windows;C:\Windows\System32\Wbem;C:\Windows\System32\WindowsPowerShell\v1.0\;C:\Windows\System32\OpenSSH\;C:\Program Files (x86)\NVIDIA Corporation\PhysX\Common;C:\Program Files\nodejs\;C:\ProgramData\chocolatey\bin;C:\Program Files\Android\Android Studio\bin;C:\Users\Faren\AppData\Local\Android\Sdk;C:\Users\Faren\AppData\Local\Android\Sdk\platform-tools;C:\Users\Faren\AppData\Local\Android\Sdk\emulator;C:\Users\Faren\AppData\Local\Android\Sdk\build-tools\35.0.0;C:\Users\Faren\AppData\Local\Android\Sdk\build-tools;C:\Users\Faren\AppData\Local\Android\Sdk\tools;C:\Users\Faren\AppData\Local\Android\Sdk\tools\bin;C:\Users\Faren\AppData\Local\Android\Sdk\platforms;C:\Users\Faren\Downloads\gradle-8.9-all;;C:\Program Files\NVIDIA Corporation\NVIDIA app\NvDLISR;C:\WINDOWS\system32;C:\WINDOWS;C:\WINDOWS\System32\Wbem;C:\WINDOWS\System32\WindowsPowerShell\v1.0\;C:\WINDOWS\System32\OpenSSH\;C:\Users\Faren\AppData\Local\Microsoft\WindowsApps;C:\Users\Faren\AppData\Local\Programs\Microsoft VS Code\bin;C:\Users\Faren\AppData\Local\Microsoft\WinGet\Links;C:\Users\Faren\AppData\Roaming\npm;C:\Program Files (x86)\Nmap;."/>
    <property name="java.vm.info" value="mixed mode, sharing"/>
    <property name="stderr.encoding" value="Cp1252"/>
    <property name="java.vendor" value="OpenLogic"/>
    <property name="java.vm.version" value="21.0.4+7-adhoc.Administrator.jdk21u"/>
    <property name="sun.io.unicode.encoding" value="UnicodeLittle"/>
    <property name="java.class.version" value="65.0"/>
  </properties>
  <testcase name="TestSeriesAgeRestriction_SeriesAgeInValid" classname="com.mycompany.progq1.PROGQ1IT" time="0.041"/>
  <testcase name="TestSeriesAgeRestriction_AgeValid" classname="com.mycompany.progq1.PROGQ1IT" time="0.005"/>
  <testcase name="TestUpdateSeries" classname="com.mycompany.progq1.PROGQ1IT" time="0.005"/>
  <testcase name="TestDeleteSeries" classname="com.mycompany.progq1.PROGQ1IT" time="0.002"/>
  <testcase name="TestDeleteSeries_SeriesNotFound" classname="com.mycompany.progq1.PROGQ1IT" time="0.004"/>
  <testcase name="TestSearchSeries" classname="com.mycompany.progq1.PROGQ1IT" time="0.002"/>
  <testcase name="TestSearchSeries_SeriesNotFound" classname="com.mycompany.progq1.PROGQ1IT" time="0.002"/>
</testsuite>